[debug] [2021-09-29T10:15:59.411Z] ----------------------------------------------------------------------
[debug] [2021-09-29T10:15:59.413Z] Command:       /usr/local/bin/node /usr/local/bin/firebase init
[debug] [2021-09-29T10:15:59.413Z] CLI Version:   9.18.0
[debug] [2021-09-29T10:15:59.414Z] Platform:      darwin
[debug] [2021-09-29T10:15:59.414Z] Node Version:  v14.15.4
[debug] [2021-09-29T10:15:59.415Z] Time:          Wed Sep 29 2021 12:15:59 GMT+0200 (Central European Summer Time)
[debug] [2021-09-29T10:15:59.415Z] ----------------------------------------------------------------------
[debug] 
[debug] [2021-09-29T10:15:59.417Z] >>> [apiv2][query] GET https://firebase-public.firebaseio.com/cli.json [none]
[debug] [2021-09-29T10:15:59.447Z] > command requires scopes: ["email","openid","https://www.googleapis.com/auth/cloudplatformprojects.readonly","https://www.googleapis.com/auth/firebase","https://www.googleapis.com/auth/cloud-platform"]
[debug] [2021-09-29T10:15:59.448Z] > authorizing via signed-in user (dvdlq99@gmail.com)
[info] 
     ######## #### ########  ######## ########     ###     ######  ########
     ##        ##  ##     ## ##       ##     ##  ##   ##  ##       ##
     ######    ##  ########  ######   ########  #########  ######  ######
     ##        ##  ##    ##  ##       ##     ## ##     ##       ## ##
     ##       #### ##     ## ######## ########  ##     ##  ######  ########

You're about to initialize a Firebase project in this directory:

  /Users/davidlqlb/Documents/Code/Courses/REACT_Hooks_Context_Redux_MERN/product-hunt-next

[debug] [2021-09-29T10:15:59.971Z] <<< [apiv2][status] GET https://firebase-public.firebaseio.com/cli.json 200
[debug] [2021-09-29T10:15:59.972Z] <<< [apiv2][body] GET https://firebase-public.firebaseio.com/cli.json {"cloudBuildErrorAfter":1594252800000,"cloudBuildWarnAfter":1590019200000,"defaultNode10After":1594252800000,"minVersion":"3.0.5","node8DeploysDisabledAfter":1613390400000,"node8RuntimeDisabledAfter":1615809600000,"node8WarnAfter":1600128000000}
